# JRE version: Java(TM) SE Runtime Environment (17.0.2+8) (build 17.0.2+8-LTS-86)
# Java VM: Java HotSpot(TM) 64-Bit Server VM (17.0.2+8-LTS-86, mixed mode, sharing, tiered, compressed oops, compressed class ptrs, g1 gc, windows-amd64)
GC Precious Log:
 CPUs: 16 total, 16 available
 Memory: 16309M
 Large Page Support: Disabled
 NUMA Support: Disabled
 Compressed Oops: Enabled (Zero based)
 Heap Region Size: 2M
 Heap Min Capacity: 8M
 Heap Initial Capacity: 256M
 Heap Max Capacity: 4078M
 Pre-touch: Disabled
 Parallel Workers: 13
 Concurrent Workers: 3
 Concurrent Refinement Workers: 13
 Periodic GC: Disabled
Heap:
 garbage-first heap   total 493568K, used 255013K [0x0000000701200000, 0x0000000800000000)
  region size 2048K, 6 young (12288K), 6 survivors (12288K)
 Metaspace       used 44937K, committed 45504K, reserved 1089536K
  class space    used 6254K, committed 6528K, reserved 1048576K
GC Heap History (20 events):
Event: 4.476 GC heap after
{Heap after GC invocations=11 (full 0):
 garbage-first heap   total 307200K, used 112559K [0x0000000701200000, 0x0000000800000000)
  region size 2048K, 8 young (16384K), 8 survivors (16384K)
 Metaspace       used 32975K, committed 33472K, reserved 1081344K
  class space    used 3984K, committed 4224K, reserved 1048576K
}
Event: 4.700 GC heap before
{Heap before GC invocations=11 (full 0):
 garbage-first heap   total 307200K, used 237487K [0x0000000701200000, 0x0000000800000000)
  region size 2048K, 69 young (141312K), 8 survivors (16384K)
 Metaspace       used 33956K, committed 34368K, reserved 1081344K
  class space    used 4139K, committed 4352K, reserved 1048576K
}
Event: 4.713 GC heap after
{Heap after GC invocations=12 (full 0):
 garbage-first heap   total 307200K, used 124770K [0x0000000701200000, 0x0000000800000000)
  region size 2048K, 9 young (18432K), 9 survivors (18432K)
 Metaspace       used 33956K, committed 34368K, reserved 1081344K
  class space    used 4139K, committed 4352K, reserved 1048576K
}
Event: 4.851 GC heap before
{Heap before GC invocations=12 (full 0):
 garbage-first heap   total 307200K, used 239458K [0x0000000701200000, 0x0000000800000000)
  region size 2048K, 65 young (133120K), 9 survivors (18432K)
 Metaspace       used 34286K, committed 34752K, reserved 1081344K
  class space    used 4172K, committed 4416K, reserved 1048576K
}
Event: 4.865 GC heap after
{Heap after GC invocations=13 (full 0):
 garbage-first heap   total 307200K, used 137242K [0x0000000701200000, 0x0000000800000000)
  region size 2048K, 6 young (12288K), 6 survivors (12288K)
 Metaspace       used 34286K, committed 34752K, reserved 1081344K
  class space    used 4172K, committed 4416K, reserved 1048576K
}
Event: 5.036 GC heap before
{Heap before GC invocations=13 (full 0):
 garbage-first heap   total 307200K, used 200730K [0x0000000701200000, 0x0000000800000000)
  region size 2048K, 38 young (77824K), 6 survivors (12288K)
 Metaspace       used 35885K, committed 36288K, reserved 1081344K
  class space    used 4459K, committed 4672K, reserved 1048576K
}
Event: 5.042 GC heap after
{Heap after GC invocations=14 (full 0):
 garbage-first heap   total 307200K, used 144752K [0x0000000701200000, 0x0000000800000000)
  region size 2048K, 4 young (8192K), 4 survivors (8192K)
 Metaspace       used 35885K, committed 36288K, reserved 1081344K
  class space    used 4459K, committed 4672K, reserved 1048576K
}
Event: 5.476 GC heap before
{Heap before GC invocations=15 (full 0):
 garbage-first heap   total 307200K, used 243056K [0x0000000701200000, 0x0000000800000000)
  region size 2048K, 53 young (108544K), 4 survivors (8192K)
 Metaspace       used 39917K, committed 40384K, reserved 1089536K
  class space    used 5072K, committed 5312K, reserved 1048576K
}
Event: 5.487 GC heap after
{Heap after GC invocations=16 (full 0):
 garbage-first heap   total 307200K, used 162098K [0x0000000701200000, 0x0000000800000000)
  region size 2048K, 7 young (14336K), 7 survivors (14336K)
 Metaspace       used 39917K, committed 40384K, reserved 1089536K
  class space    used 5072K, committed 5312K, reserved 1048576K
}
Event: 5.716 GC heap before
{Heap before GC invocations=17 (full 0):
 garbage-first heap   total 307200K, used 237874K [0x0000000701200000, 0x0000000800000000)
  region size 2048K, 44 young (90112K), 7 survivors (14336K)
 Metaspace       used 42293K, committed 42816K, reserved 1089536K
  class space    used 5623K, committed 5888K, reserved 1048576K
}
Event: 5.726 GC heap after
{Heap after GC invocations=18 (full 0):
 garbage-first heap   total 307200K, used 169332K [0x0000000701200000, 0x0000000800000000)
  region size 2048K, 3 young (6144K), 3 survivors (6144K)
 Metaspace       used 42293K, committed 42816K, reserved 1089536K
  class space    used 5623K, committed 5888K, reserved 1048576K
}
Event: 5.735 GC heap before
{Heap before GC invocations=18 (full 0):
 garbage-first heap   total 307200K, used 177524K [0x0000000701200000, 0x0000000800000000)
  region size 2048K, 7 young (14336K), 3 survivors (6144K)
 Metaspace       used 42320K, committed 42880K, reserved 1089536K
  class space    used 5623K, committed 5888K, reserved 1048576K
}
Event: 5.739 GC heap after
{Heap after GC invocations=19 (full 0):
 garbage-first heap   total 493568K, used 170895K [0x0000000701200000, 0x0000000800000000)
  region size 2048K, 1 young (2048K), 1 survivors (2048K)
 Metaspace       used 42320K, committed 42880K, reserved 1089536K
  class space    used 5623K, committed 5888K, reserved 1048576K
}
Event: 5.956 GC heap before
{Heap before GC invocations=19 (full 0):
 garbage-first heap   total 493568K, used 381839K [0x0000000701200000, 0x0000000800000000)
  region size 2048K, 104 young (212992K), 1 survivors (2048K)
 Metaspace       used 43480K, committed 43968K, reserved 1089536K
  class space    used 5900K, committed 6144K, reserved 1048576K
}
Event: 5.971 GC heap after
{Heap after GC invocations=20 (full 0):
 garbage-first heap   total 493568K, used 194303K [0x0000000701200000, 0x0000000800000000)
  region size 2048K, 13 young (26624K), 13 survivors (26624K)
 Metaspace       used 43480K, committed 43968K, reserved 1089536K
  class space    used 5900K, committed 6144K, reserved 1048576K
}
Event: 6.084 GC heap before
{Heap before GC invocations=20 (full 0):
 garbage-first heap   total 493568K, used 380671K [0x0000000701200000, 0x0000000800000000)
  region size 2048K, 104 young (212992K), 13 survivors (26624K)
 Metaspace       used 43963K, committed 44480K, reserved 1089536K
  class space    used 6039K, committed 6272K, reserved 1048576K
}
Event: 6.103 GC heap after
{Heap after GC invocations=21 (full 0):
 garbage-first heap   total 493568K, used 221400K [0x0000000701200000, 0x0000000800000000)
  region size 2048K, 13 young (26624K), 13 survivors (26624K)
 Metaspace       used 43963K, committed 44480K, reserved 1089536K
  class space    used 6039K, committed 6272K, reserved 1048576K
}
Event: 6.205 GC heap before
{Heap before GC invocations=21 (full 0):
 garbage-first heap   total 493568K, used 385240K [0x0000000701200000, 0x0000000800000000)
  region size 2048K, 94 young (192512K), 13 survivors (26624K)
 Metaspace       used 44561K, committed 45056K, reserved 1089536K
  class space    used 6172K, committed 6400K, reserved 1048576K
}
Event: 6.225 GC heap after
{Heap after GC invocations=22 (full 0):
 garbage-first heap   total 493568K, used 242961K [0x0000000701200000, 0x0000000800000000)
  region size 2048K, 11 young (22528K), 11 survivors (22528K)
 Metaspace       used 44561K, committed 45056K, reserved 1089536K
  class space    used 6172K, committed 6400K, reserved 1048576K
}
Event: 6.281 GC heap before
{Heap before GC invocations=22 (full 0):
 garbage-first heap   total 493568K, used 390417K [0x0000000701200000, 0x0000000800000000)
  region size 2048K, 84 young (172032K), 11 survivors (22528K)
 Metaspace       used 44937K, committed 45504K, reserved 1089536K
  class space    used 6254K, committed 6528K, reserved 1048576K
}

